<?xml version="1.0" encoding="UTF-8" ?>
<testsuite tests="50" failures="0" name="com.cbi.step_definitions.RunTest" time="0.01" errors="0" skipped="0">
  <properties>
[...]
</properties>
  <testcase classname="Scenario: I login with valid credentials" name="Given I navigate to &quot;https://cbrands--edgeforce--c.cs17.visual.force.com/apex/CBI_Home?sfdc.tabName=01rG0000000fTpR&quot;" time="0.003"/>
  <testcase classname="Scenario: I login with valid credentials" name="And I wait for 10 seconds" time="0"/>
  <testcase classname="Scenario: I login with valid credentials" name="And I enter &quot;himanshu.pandey@cbrands.com.ta&quot; into the field with id &quot;username&quot;" time="0"/>
  <testcase classname="Scenario: I login with valid credentials" name="And I enter &quot;TestAdmin123&quot; as Password into the field with id &quot;password&quot;" time="0"/>
  <testcase classname="Scenario: I login with valid credentials" name="When I click on the element with id &quot;Login&quot;" time="0"/>
  <testcase classname="Scenario: I login with valid credentials" name="And I wait for 15 seconds" time="0"/>
  <testcase classname="Scenario: I login with valid credentials" name="Then I should be loggedIn" time="0"/>
  <testcase classname="Scenario: I login with valid credentials" name="Scenario: I login with valid credentials" time="0.001"/>
  <testcase classname="Scenario: I clicked the View All News Link" name="Given I clicked on View All News Link &quot;/apex/CBI_newsPage&quot;" time="0"/>
  <testcase classname="Scenario: I clicked the View All News Link" name="When I wait for browser for 20 seconds" time="0"/>
  <testcase classname="Scenario: I clicked the View All News Link" name="Then I should be landed on News Page &quot;/html/body/div[1]/form/span/div/div/div[1]/div/h2&quot;" time="0"/>
  <testcase classname="Scenario: I clicked the View All News Link" name="Scenario: I clicked the View All News Link" time="0"/>
  <testcase classname="Scenario: I clicked on View All TODO Link" name="Given I am on OpenBar HomePage &quot;navbar-brand&quot;" time="0"/>
  <testcase classname="Scenario: I clicked on View All TODO Link" name="And I wait for another 20 seconds" time="0"/>
  <testcase classname="Scenario: I clicked on View All TODO Link" name="When I clicked on TODO Link" time="0.001"/>
  <testcase classname="Scenario: I clicked on View All TODO Link" name="And I wait for 10 seconds for page to load" time="0"/>
  <testcase classname="Scenario: I clicked on View All TODO Link" name="Then I should be landed on TODO Page &quot;/html/body/div[1]/form/div[3]/div/div[2]/div/h2&quot; with heading &quot;TO DOs&quot;" time="0"/>
  <testcase classname="Scenario: I clicked on View All TODO Link" name="Scenario: I clicked on View All TODO Link" time="0.001"/>
  <testcase classname="Scenario: I Search for Blank Template : Terms of Use" name="Given I Type &quot;Terms Of Use&quot; in OpenBar search &quot;srch-term&quot;" time="0"/>
  <testcase classname="Scenario: I Search for Blank Template : Terms of Use" name="When I click on Search button &quot;search-btn&quot;" time="0"/>
  <testcase classname="Scenario: I Search for Blank Template : Terms of Use" name="And I wait for search results for 5 seconds" time="0"/>
  <testcase classname="Scenario: I Search for Blank Template : Terms of Use" name="Then I should get the &quot;TERMS OF USE&quot; in Search Reults &quot;/apex/CBI_Blank_Template&quot;" time="0"/>
  <testcase classname="Scenario: I Search for Blank Template : Terms of Use" name="Scenario: I Search for Blank Template : Terms of Use" time="0"/>
  <testcase classname="Scenario: I search for Sub Category : Beer Finance" name="Given I Type &quot;Beer Finance&quot; in OpenBar search &quot;srch-term&quot;" time="0"/>
  <testcase classname="Scenario: I search for Sub Category : Beer Finance" name="When I click on Search button &quot;search-btn&quot;" time="0"/>
  <testcase classname="Scenario: I search for Sub Category : Beer Finance" name="And I wait for search results for 5 seconds" time="0"/>
  <testcase classname="Scenario: I search for Sub Category : Beer Finance" name="Then I should get the &quot;Beer Finance&quot; in Search Reults &quot;/apex/CBI_SubCategory&quot;" time="0"/>
  <testcase classname="Scenario: I search for Sub Category : Beer Finance" name="Scenario: I search for Sub Category : Beer Finance" time="0"/>
  <testcase classname="Scenario: I search for  Content: Forms" name="Given I Type &quot;Forms&quot; in OpenBar search &quot;srch-term&quot;" time="0"/>
  <testcase classname="Scenario: I search for  Content: Forms" name="When I click on Search button &quot;search-btn&quot;" time="0"/>
  <testcase classname="Scenario: I search for  Content: Forms" name="And I wait for search results for 5 seconds" time="0"/>
  <testcase classname="Scenario: I search for  Content: Forms" name="Then I should get the &quot;Forms&quot; in Search Reults &quot;/apex/CBI_SubCategory&quot;" time="0.001"/>
  <testcase classname="Scenario: I search for  Content: Forms" name="Scenario: I search for  Content: Forms" time="0.001"/>
  <testcase classname="Scenario: I search for Employee in the OpenBar Employee Directory" name="Given I click on Employee Directory link &quot;/apex/CBI_Employee_Directory&quot;" time="0"/>
  <testcase classname="Scenario: I search for Employee in the OpenBar Employee Directory" name="And I waited for Employee Directory Page to load for 5 seconds" time="0"/>
  <testcase classname="Scenario: I search for Employee in the OpenBar Employee Directory" name="When I type &quot;Mike&quot; in FirstName TextBox &quot;firstName&quot;" time="0"/>
  <testcase classname="Scenario: I search for Employee in the OpenBar Employee Directory" name="And I type &quot;Dabisch&quot; in LastName TextBox &quot;LastName&quot;" time="0"/>
  <testcase classname="Scenario: I search for Employee in the OpenBar Employee Directory" name="And I click Search &quot;SearchBtn&quot;" time="0"/>
  <testcase classname="Scenario: I search for Employee in the OpenBar Employee Directory" name="And I waited for 10 seconds" time="0"/>
  <testcase classname="Scenario: I search for Employee in the OpenBar Employee Directory" name="Then I should see &quot;Mike Dabisch&quot; in Search Results &quot;employee&quot;" time="0"/>
  <testcase classname="Scenario: I search for Employee in the OpenBar Employee Directory" name="Scenario: I search for Employee in the OpenBar Employee Directory" time="0.001"/>
  <testcase classname="Scenario: I search for Employee that doesnt exist" name="Given I click on Employee Directory link &quot;/apex/CBI_Employee_Directory&quot;" time="0"/>
  <testcase classname="Scenario: I search for Employee that doesnt exist" name="And I waited for Employee Directory Page to load for 5 seconds" time="0"/>
  <testcase classname="Scenario: I search for Employee that doesnt exist" name="When I type &quot;Test&quot; in FirstName TextBox &quot;firstName&quot;" time="0"/>
  <testcase classname="Scenario: I search for Employee that doesnt exist" name="And I type &quot;Test&quot; in LastName TextBox &quot;LastName&quot;" time="0"/>
  <testcase classname="Scenario: I search for Employee that doesnt exist" name="And I click Search &quot;SearchBtn&quot;" time="0"/>
  <testcase classname="Scenario: I search for Employee that doesnt exist" name="And I waited for 10 seconds" time="0"/>
  <testcase classname="Scenario: I search for Employee that doesnt exist" name="Then I should see &quot;No matches were found, please search again&quot; in Search Results &quot;noResult&quot;" time="0"/>
  <testcase classname="Scenario: I search for Employee that doesnt exist" name="Then I close the browser" time="0"/>
  <testcase classname="Scenario: I search for Employee that doesnt exist" name="Scenario: I search for Employee that doesnt exist" time="0.001"/>
</testsuite>